make clean -C kernels
make[1]: Entering directory '/root/block-scheduling/kernels'
rm -f *.a *.o
make[1]: Leaving directory '/root/block-scheduling/kernels'
rm -f result/*.nsys-rep
make clean -C kernels
make[1]: Entering directory '/root/block-scheduling/kernels'
rm -f *.a *.o
make[1]: Leaving directory '/root/block-scheduling/kernels'
make -C kernels
make[1]: Entering directory '/root/block-scheduling/kernels'
rm -f *.a *.o
rm -f *.o
nvcc -c kernel_r24.cu  -arch=compute_70 -code=sm_70 --ptxas-options=-v -I../include -maxrregcount=24
nvcc -c kernel_r32.cu  -arch=compute_70 -code=sm_70 --ptxas-options=-v -I../include -maxrregcount=32
nvcc -c kernel_r40.cu  -arch=compute_70 -code=sm_70 --ptxas-options=-v -I../include -maxrregcount=40
nvcc -c kernel_r41.cu  -arch=compute_70 -code=sm_70 --ptxas-options=-v -I../include -maxrregcount=41
nvcc -c kernel_r48.cu  -arch=compute_70 -code=sm_70 --ptxas-options=-v -I../include -maxrregcount=48
nvcc -c kernel_r56.cu  -arch=compute_70 -code=sm_70 --ptxas-options=-v -I../include -maxrregcount=56
nvcc -c kernel_r64.cu  -arch=compute_70 -code=sm_70 --ptxas-options=-v -I../include -maxrregcount=64
nvcc -c kernel_r72.cu  -arch=compute_70 -code=sm_70 --ptxas-options=-v -I../include -maxrregcount=72
nvcc -c kernel_r80.cu  -arch=compute_70 -code=sm_70 --ptxas-options=-v -I../include -maxrregcount=80
nvcc -c kernel_r88.cu  -arch=compute_70 -code=sm_70 --ptxas-options=-v -I../include -maxrregcount=88
nvcc -c kernel_r96.cu  -arch=compute_70 -code=sm_70 --ptxas-options=-v -I../include -maxrregcount=96
nvcc -c kernel_r104.cu -arch=compute_70 -code=sm_70 --ptxas-options=-v -I../include -maxrregcount=104
nvcc -c kernel_r112.cu -arch=compute_70 -code=sm_70 --ptxas-options=-v -I../include -maxrregcount=112
nvcc -c kernel_r120.cu -arch=compute_70 -code=sm_70 --ptxas-options=-v -I../include -maxrregcount=120
nvcc -c kernel_r128.cu -arch=compute_70 -code=sm_70 --ptxas-options=-v -I../include -maxrregcount=128
nvcc -c kernel_r136.cu -arch=compute_70 -code=sm_70 --ptxas-options=-v -I../include -maxrregcount=136
nvcc -c kernel_r144.cu -arch=compute_70 -code=sm_70 --ptxas-options=-v -I../include -maxrregcount=144
nvcc -c kernel_r152.cu -arch=compute_70 -code=sm_70 --ptxas-options=-v -I../include -maxrregcount=152
nvcc -c kernel_r160.cu -arch=compute_70 -code=sm_70 --ptxas-options=-v -I../include -maxrregcount=160
nvcc -c kernel_r168.cu -arch=compute_70 -code=sm_70 --ptxas-options=-v -I../include -maxrregcount=168
nvcc -c kernel_r176.cu -arch=compute_70 -code=sm_70 --ptxas-options=-v -I../include -maxrregcount=176
nvcc -c kernel_r184.cu -arch=compute_70 -code=sm_70 --ptxas-options=-v -I../include -maxrregcount=184
nvcc -c kernel_r192.cu -arch=compute_70 -code=sm_70 --ptxas-options=-v -I../include -maxrregcount=192
nvcc -c kernel_r200.cu -arch=compute_70 -code=sm_70 --ptxas-options=-v -I../include -maxrregcount=200
nvcc -c kernel_r208.cu -arch=compute_70 -code=sm_70 --ptxas-options=-v -I../include -maxrregcount=208
nvcc -c kernel_r216.cu -arch=compute_70 -code=sm_70 --ptxas-options=-v -I../include -maxrregcount=216
nvcc -c kernel_r224.cu -arch=compute_70 -code=sm_70 --ptxas-options=-v -I../include -maxrregcount=224
nvcc -c kernel_r232.cu -arch=compute_70 -code=sm_70 --ptxas-options=-v -I../include -maxrregcount=232
nvcc -c kernel_r240.cu -arch=compute_70 -code=sm_70 --ptxas-options=-v -I../include -maxrregcount=240
nvcc -c kernel_r248.cu -arch=compute_70 -code=sm_70 --ptxas-options=-v -I../include -maxrregcount=248
nvcc -c kernel_r255.cu -arch=compute_70 -code=sm_70 --ptxas-options=-v -I../include -maxrregcount=255
nvcc -c invoke_kernel.cu -arch=compute_70 -code=sm_70 --ptxas-options=-v -I../include
nvcc -dlink -o kernels.o *.o -lcublas -lcudnn -arch=compute_70 -code=sm_70
ar cr libkernels_70.a *.o
rm -f *.o
rm -f *.o
nvcc -c kernel_r24.cu  -arch=compute_75 -code=sm_75 --ptxas-options=-v -I../include -maxrregcount=24
nvcc -c kernel_r32.cu  -arch=compute_75 -code=sm_75 --ptxas-options=-v -I../include -maxrregcount=32
nvcc -c kernel_r40.cu  -arch=compute_75 -code=sm_75 --ptxas-options=-v -I../include -maxrregcount=40
nvcc -c kernel_r41.cu  -arch=compute_75 -code=sm_75 --ptxas-options=-v -I../include -maxrregcount=41
nvcc -c kernel_r48.cu  -arch=compute_75 -code=sm_75 --ptxas-options=-v -I../include -maxrregcount=48
nvcc -c kernel_r56.cu  -arch=compute_75 -code=sm_75 --ptxas-options=-v -I../include -maxrregcount=56
nvcc -c kernel_r64.cu  -arch=compute_75 -code=sm_75 --ptxas-options=-v -I../include -maxrregcount=64
nvcc -c kernel_r72.cu  -arch=compute_75 -code=sm_75 --ptxas-options=-v -I../include -maxrregcount=72
nvcc -c kernel_r80.cu  -arch=compute_75 -code=sm_75 --ptxas-options=-v -I../include -maxrregcount=80
nvcc -c kernel_r88.cu  -arch=compute_75 -code=sm_75 --ptxas-options=-v -I../include -maxrregcount=88
nvcc -c kernel_r96.cu  -arch=compute_75 -code=sm_75 --ptxas-options=-v -I../include -maxrregcount=96
nvcc -c kernel_r104.cu -arch=compute_75 -code=sm_75 --ptxas-options=-v -I../include -maxrregcount=104
nvcc -c kernel_r112.cu -arch=compute_75 -code=sm_75 --ptxas-options=-v -I../include -maxrregcount=112
nvcc -c kernel_r120.cu -arch=compute_75 -code=sm_75 --ptxas-options=-v -I../include -maxrregcount=120
nvcc -c kernel_r128.cu -arch=compute_75 -code=sm_75 --ptxas-options=-v -I../include -maxrregcount=128
nvcc -c kernel_r136.cu -arch=compute_75 -code=sm_75 --ptxas-options=-v -I../include -maxrregcount=136
nvcc -c kernel_r144.cu -arch=compute_75 -code=sm_75 --ptxas-options=-v -I../include -maxrregcount=144
nvcc -c kernel_r152.cu -arch=compute_75 -code=sm_75 --ptxas-options=-v -I../include -maxrregcount=152
nvcc -c kernel_r160.cu -arch=compute_75 -code=sm_75 --ptxas-options=-v -I../include -maxrregcount=160
nvcc -c kernel_r168.cu -arch=compute_75 -code=sm_75 --ptxas-options=-v -I../include -maxrregcount=168
nvcc -c kernel_r176.cu -arch=compute_75 -code=sm_75 --ptxas-options=-v -I../include -maxrregcount=176
nvcc -c kernel_r184.cu -arch=compute_75 -code=sm_75 --ptxas-options=-v -I../include -maxrregcount=184
nvcc -c kernel_r192.cu -arch=compute_75 -code=sm_75 --ptxas-options=-v -I../include -maxrregcount=192
nvcc -c kernel_r200.cu -arch=compute_75 -code=sm_75 --ptxas-options=-v -I../include -maxrregcount=200
nvcc -c kernel_r208.cu -arch=compute_75 -code=sm_75 --ptxas-options=-v -I../include -maxrregcount=208
nvcc -c kernel_r216.cu -arch=compute_75 -code=sm_75 --ptxas-options=-v -I../include -maxrregcount=216
nvcc -c kernel_r224.cu -arch=compute_75 -code=sm_75 --ptxas-options=-v -I../include -maxrregcount=224
nvcc -c kernel_r232.cu -arch=compute_75 -code=sm_75 --ptxas-options=-v -I../include -maxrregcount=232
nvcc -c kernel_r240.cu -arch=compute_75 -code=sm_75 --ptxas-options=-v -I../include -maxrregcount=240
nvcc -c kernel_r248.cu -arch=compute_75 -code=sm_75 --ptxas-options=-v -I../include -maxrregcount=248
nvcc -c kernel_r255.cu -arch=compute_75 -code=sm_75 --ptxas-options=-v -I../include -maxrregcount=255
nvcc -c invoke_kernel.cu -arch=compute_75 -code=sm_75 --ptxas-options=-v -I../include
nvcc -dlink -o kernels.o *.o -lcublas -lcudnn -arch=compute_75 -code=sm_75
ar cr libkernels_75.a *.o
rm -f *.o
rm -f *.o
nvcc -c kernel_r24.cu  -arch=compute_80 -code=sm_80 --ptxas-options=-v -I../include -maxrregcount=24
nvcc -c kernel_r32.cu  -arch=compute_80 -code=sm_80 --ptxas-options=-v -I../include -maxrregcount=32
nvcc -c kernel_r40.cu  -arch=compute_80 -code=sm_80 --ptxas-options=-v -I../include -maxrregcount=40
nvcc -c kernel_r41.cu  -arch=compute_80 -code=sm_80 --ptxas-options=-v -I../include -maxrregcount=41
nvcc -c kernel_r48.cu  -arch=compute_80 -code=sm_80 --ptxas-options=-v -I../include -maxrregcount=48
nvcc -c kernel_r56.cu  -arch=compute_80 -code=sm_80 --ptxas-options=-v -I../include -maxrregcount=56
nvcc -c kernel_r64.cu  -arch=compute_80 -code=sm_80 --ptxas-options=-v -I../include -maxrregcount=64
nvcc -c kernel_r72.cu  -arch=compute_80 -code=sm_80 --ptxas-options=-v -I../include -maxrregcount=72
nvcc -c kernel_r80.cu  -arch=compute_80 -code=sm_80 --ptxas-options=-v -I../include -maxrregcount=80
nvcc -c kernel_r88.cu  -arch=compute_80 -code=sm_80 --ptxas-options=-v -I../include -maxrregcount=88
nvcc -c kernel_r96.cu  -arch=compute_80 -code=sm_80 --ptxas-options=-v -I../include -maxrregcount=96
nvcc -c kernel_r104.cu -arch=compute_80 -code=sm_80 --ptxas-options=-v -I../include -maxrregcount=104
nvcc -c kernel_r112.cu -arch=compute_80 -code=sm_80 --ptxas-options=-v -I../include -maxrregcount=112
nvcc -c kernel_r120.cu -arch=compute_80 -code=sm_80 --ptxas-options=-v -I../include -maxrregcount=120
nvcc -c kernel_r128.cu -arch=compute_80 -code=sm_80 --ptxas-options=-v -I../include -maxrregcount=128
nvcc -c kernel_r136.cu -arch=compute_80 -code=sm_80 --ptxas-options=-v -I../include -maxrregcount=136
nvcc -c kernel_r144.cu -arch=compute_80 -code=sm_80 --ptxas-options=-v -I../include -maxrregcount=144
nvcc -c kernel_r152.cu -arch=compute_80 -code=sm_80 --ptxas-options=-v -I../include -maxrregcount=152
nvcc -c kernel_r160.cu -arch=compute_80 -code=sm_80 --ptxas-options=-v -I../include -maxrregcount=160
nvcc -c kernel_r168.cu -arch=compute_80 -code=sm_80 --ptxas-options=-v -I../include -maxrregcount=168
nvcc -c kernel_r176.cu -arch=compute_80 -code=sm_80 --ptxas-options=-v -I../include -maxrregcount=176
nvcc -c kernel_r184.cu -arch=compute_80 -code=sm_80 --ptxas-options=-v -I../include -maxrregcount=184
nvcc -c kernel_r192.cu -arch=compute_80 -code=sm_80 --ptxas-options=-v -I../include -maxrregcount=192
nvcc -c kernel_r200.cu -arch=compute_80 -code=sm_80 --ptxas-options=-v -I../include -maxrregcount=200
nvcc -c kernel_r208.cu -arch=compute_80 -code=sm_80 --ptxas-options=-v -I../include -maxrregcount=208
nvcc -c kernel_r216.cu -arch=compute_80 -code=sm_80 --ptxas-options=-v -I../include -maxrregcount=216
nvcc -c kernel_r224.cu -arch=compute_80 -code=sm_80 --ptxas-options=-v -I../include -maxrregcount=224
nvcc -c kernel_r232.cu -arch=compute_80 -code=sm_80 --ptxas-options=-v -I../include -maxrregcount=232
nvcc -c kernel_r240.cu -arch=compute_80 -code=sm_80 --ptxas-options=-v -I../include -maxrregcount=240
nvcc -c kernel_r248.cu -arch=compute_80 -code=sm_80 --ptxas-options=-v -I../include -maxrregcount=248
nvcc -c kernel_r255.cu -arch=compute_80 -code=sm_80 --ptxas-options=-v -I../include -maxrregcount=255
nvcc -c invoke_kernel.cu -arch=compute_80 -code=sm_80 --ptxas-options=-v -I../include
nvcc -dlink -o kernels.o *.o -lcublas -lcudnn -arch=compute_80 -code=sm_80
ar cr libkernels_80.a *.o
rm -f *.o
rm -f *.o
nvcc -c kernel_r24.cu  -arch=compute_86 -code=sm_86 --ptxas-options=-v -I../include -maxrregcount=24
nvcc -c kernel_r32.cu  -arch=compute_86 -code=sm_86 --ptxas-options=-v -I../include -maxrregcount=32
nvcc -c kernel_r40.cu  -arch=compute_86 -code=sm_86 --ptxas-options=-v -I../include -maxrregcount=40
nvcc -c kernel_r41.cu  -arch=compute_86 -code=sm_86 --ptxas-options=-v -I../include -maxrregcount=41
nvcc -c kernel_r48.cu  -arch=compute_86 -code=sm_86 --ptxas-options=-v -I../include -maxrregcount=48
nvcc -c kernel_r56.cu  -arch=compute_86 -code=sm_86 --ptxas-options=-v -I../include -maxrregcount=56
nvcc -c kernel_r64.cu  -arch=compute_86 -code=sm_86 --ptxas-options=-v -I../include -maxrregcount=64
nvcc -c kernel_r72.cu  -arch=compute_86 -code=sm_86 --ptxas-options=-v -I../include -maxrregcount=72
nvcc -c kernel_r80.cu  -arch=compute_86 -code=sm_86 --ptxas-options=-v -I../include -maxrregcount=80
nvcc -c kernel_r88.cu  -arch=compute_86 -code=sm_86 --ptxas-options=-v -I../include -maxrregcount=88
nvcc -c kernel_r96.cu  -arch=compute_86 -code=sm_86 --ptxas-options=-v -I../include -maxrregcount=96
nvcc -c kernel_r104.cu -arch=compute_86 -code=sm_86 --ptxas-options=-v -I../include -maxrregcount=104
nvcc -c kernel_r112.cu -arch=compute_86 -code=sm_86 --ptxas-options=-v -I../include -maxrregcount=112
nvcc -c kernel_r120.cu -arch=compute_86 -code=sm_86 --ptxas-options=-v -I../include -maxrregcount=120
nvcc -c kernel_r128.cu -arch=compute_86 -code=sm_86 --ptxas-options=-v -I../include -maxrregcount=128
nvcc -c kernel_r136.cu -arch=compute_86 -code=sm_86 --ptxas-options=-v -I../include -maxrregcount=136
nvcc -c kernel_r144.cu -arch=compute_86 -code=sm_86 --ptxas-options=-v -I../include -maxrregcount=144
nvcc -c kernel_r152.cu -arch=compute_86 -code=sm_86 --ptxas-options=-v -I../include -maxrregcount=152
nvcc -c kernel_r160.cu -arch=compute_86 -code=sm_86 --ptxas-options=-v -I../include -maxrregcount=160
nvcc -c kernel_r168.cu -arch=compute_86 -code=sm_86 --ptxas-options=-v -I../include -maxrregcount=168
nvcc -c kernel_r176.cu -arch=compute_86 -code=sm_86 --ptxas-options=-v -I../include -maxrregcount=176
nvcc -c kernel_r184.cu -arch=compute_86 -code=sm_86 --ptxas-options=-v -I../include -maxrregcount=184
nvcc -c kernel_r192.cu -arch=compute_86 -code=sm_86 --ptxas-options=-v -I../include -maxrregcount=192
nvcc -c kernel_r200.cu -arch=compute_86 -code=sm_86 --ptxas-options=-v -I../include -maxrregcount=200
nvcc -c kernel_r208.cu -arch=compute_86 -code=sm_86 --ptxas-options=-v -I../include -maxrregcount=208
nvcc -c kernel_r216.cu -arch=compute_86 -code=sm_86 --ptxas-options=-v -I../include -maxrregcount=216
nvcc -c kernel_r224.cu -arch=compute_86 -code=sm_86 --ptxas-options=-v -I../include -maxrregcount=224
nvcc -c kernel_r232.cu -arch=compute_86 -code=sm_86 --ptxas-options=-v -I../include -maxrregcount=232
nvcc -c kernel_r240.cu -arch=compute_86 -code=sm_86 --ptxas-options=-v -I../include -maxrregcount=240
nvcc -c kernel_r248.cu -arch=compute_86 -code=sm_86 --ptxas-options=-v -I../include -maxrregcount=248
nvcc -c kernel_r255.cu -arch=compute_86 -code=sm_86 --ptxas-options=-v -I../include -maxrregcount=255
nvcc -c invoke_kernel.cu -arch=compute_86 -code=sm_86 --ptxas-options=-v -I../include
nvcc -dlink -o kernels.o *.o -lcublas -lcudnn -arch=compute_86 -code=sm_86
ar cr libkernels_86.a *.o
rm -f *.o
make[1]: Leaving directory '/root/block-scheduling/kernels'
make clean -C test1
make[1]: Entering directory '/root/block-scheduling/test1'
rm -f test1 *.nsys-rep
make[1]: Leaving directory '/root/block-scheduling/test1'
make -C test1 GPGPU=RTX3090
make[1]: Entering directory '/root/block-scheduling/test1'
nvcc test1.cu -o test1 -arch=compute_86 -code=sm_86 --ptxas-options=-v -L../kernels -lkernels_86 -I../include -DRTX3090
make[1]: Leaving directory '/root/block-scheduling/test1'
make profile -C test1
make[1]: Entering directory '/root/block-scheduling/test1'
nsys profile -t cuda --stats false -f true -w true -o test1 ./test1
================================================================================
Test1 ==========================================================================
K1 = K(82, 1024, 32, 0 Bytes), last block 1s, other blocks 2s, stream1
K2 = K(2, 1024, 32, 0 Bytes), all blocks 1s,                  stream2
================================================================================
Generating '/tmp/nsys-report-8916.qdstrm'
[1/1] [0%                          ] test1.nsys-rep[1/1] [0%                          ] test1.nsys-rep[1/1] [10%                         ] test1.nsys-rep[1/1] [==20%                       ] test1.nsys-rep[1/1] [===============66%          ] test1.nsys-rep[1/1] [================68%         ] test1.nsys-rep[1/1] [================69%         ] test1.nsys-rep[1/1] [========================100%] test1.nsys-rep[1/1] [========================100%] test1.nsys-rep
Generated:
    /root/block-scheduling/test1/test1.nsys-rep
make[1]: Leaving directory '/root/block-scheduling/test1'
mkdir -p result
mv test1/test1.nsys-rep result/test1_RTX3090.nsys-rep
make clean -C test2
make[1]: Entering directory '/root/block-scheduling/test2'
rm -f test2 *.nsys-rep
make[1]: Leaving directory '/root/block-scheduling/test2'
make -C test2 GPGPU=RTX3090
make[1]: Entering directory '/root/block-scheduling/test2'
nvcc test2.cu -o test2 -arch=compute_86 -code=sm_86 --ptxas-options=-v -L../kernels -lkernels_86 -I../include -DRTX3090
make[1]: Leaving directory '/root/block-scheduling/test2'
make profile -C test2
make[1]: Entering directory '/root/block-scheduling/test2'
nsys profile -t cuda --stats false -f true -w true -o test2 ./test2
================================================================================
Test2 ==========================================================================
K1 = K(164, 32, 32, 0 Bytes), all blocks 1s, stream1
================================================================================
K1 smid = 0, 2, 4, 6, 8, 10, 12, 14, 16, 18, 20, 22, 24, 26, 28, 30, 32, 34, 36, 38, 40, 42, 44, 46, 48, 50, 52, 54, 56, 58, 60, 62, 64, 66, 68, 70, 72, 74, 76, 78, 80, 1, 3, 5, 7, 9, 11, 13, 15, 17, 19, 21, 23, 25, 27, 29, 31, 33, 35, 37, 39, 41, 43, 45, 47, 49, 51, 53, 55, 57, 59, 61, 63, 65, 67, 69, 71, 73, 75, 77, 79, 81, 0, 2, 4, 6, 8, 10, 12, 14, 16, 18, 20, 22, 24, 26, 28, 30, 32, 34, 36, 38, 40, 42, 44, 46, 48, 50, 52, 54, 56, 58, 60, 62, 64, 66, 68, 70, 72, 74, 76, 78, 80, 1, 3, 5, 7, 9, 11, 13, 15, 17, 19, 21, 23, 25, 27, 29, 31, 33, 35, 37, 39, 41, 43, 45, 47, 49, 51, 53, 55, 57, 59, 61, 63, 65, 67, 69, 71, 73, 75, 77, 79, 81
================================================================================
================================================================================
Test2 ==========================================================================
K1 = K(168, 32, 32, 0 Bytes), all blocks 1s, stream1
================================================================================
K1 smid = 0, 2, 4, 6, 8, 10, 12, 14, 16, 18, 20, 22, 24, 26, 28, 30, 32, 34, 36, 38, 40, 42, 44, 46, 48, 50, 52, 54, 56, 58, 60, 62, 64, 66, 68, 70, 72, 74, 76, 78, 80, 1, 3, 5, 7, 9, 11, 13, 15, 17, 19, 21, 23, 25, 27, 29, 31, 33, 35, 37, 39, 41, 43, 45, 47, 49, 51, 53, 55, 57, 59, 61, 63, 65, 67, 69, 71, 73, 75, 77, 79, 81, 0, 2, 4, 6, 8, 10, 12, 14, 16, 18, 20, 22, 24, 26, 28, 30, 32, 34, 36, 38, 40, 42, 44, 46, 48, 50, 52, 54, 56, 58, 60, 62, 64, 66, 68, 70, 72, 74, 76, 78, 80, 1, 3, 5, 7, 9, 11, 13, 15, 17, 19, 21, 23, 25, 27, 29, 31, 33, 35, 37, 39, 41, 43, 45, 47, 49, 51, 53, 55, 57, 59, 61, 63, 65, 67, 69, 71, 73, 75, 77, 79, 81, 0, 2, 4, 6
================================================================================
================================================================================
Test2 ==========================================================================
K1 = K(169, 32, 32, 0 Bytes), all blocks 1s, stream1
================================================================================
K1 smid = 0, 0, 2, 2, 4, 6, 8, 10, 12, 14, 16, 18, 20, 22, 24, 26, 28, 30, 32, 34, 36, 38, 40, 42, 44, 46, 48, 50, 52, 54, 56, 58, 60, 62, 64, 66, 68, 70, 72, 74, 76, 78, 80, 1, 3, 5, 7, 9, 11, 13, 15, 17, 19, 21, 23, 25, 27, 29, 31, 33, 35, 37, 39, 41, 43, 45, 47, 49, 51, 53, 55, 57, 59, 61, 63, 65, 67, 69, 71, 73, 75, 77, 79, 81, 4, 6, 8, 10, 12, 14, 16, 18, 20, 22, 24, 26, 28, 30, 32, 34, 36, 38, 40, 42, 44, 46, 48, 50, 52, 54, 56, 58, 60, 62, 64, 66, 68, 70, 72, 74, 76, 78, 80, 1, 3, 5, 7, 9, 11, 13, 15, 17, 19, 21, 23, 25, 27, 29, 31, 33, 35, 37, 39, 41, 43, 45, 47, 49, 51, 53, 55, 57, 59, 61, 63, 65, 67, 69, 71, 73, 75, 77, 79, 81, 0, 2, 4, 6, 8
================================================================================
================================================================================
Test2 ==========================================================================
K1 = K(170, 32, 32, 0 Bytes), all blocks 1s, stream1
================================================================================
K1 smid = 0, 0, 2, 2, 4, 6, 8, 10, 12, 14, 16, 18, 20, 22, 24, 26, 28, 30, 32, 34, 36, 38, 40, 42, 44, 46, 48, 50, 52, 54, 56, 58, 60, 62, 64, 66, 68, 70, 72, 74, 76, 78, 80, 1, 3, 5, 7, 9, 11, 13, 15, 17, 19, 21, 23, 25, 27, 29, 31, 33, 35, 37, 39, 41, 43, 45, 47, 49, 51, 53, 55, 57, 59, 61, 63, 65, 67, 69, 71, 73, 75, 77, 79, 81, 4, 6, 8, 10, 12, 14, 16, 18, 20, 22, 24, 26, 28, 30, 32, 34, 36, 38, 40, 42, 44, 46, 48, 50, 52, 54, 56, 58, 60, 62, 64, 66, 68, 70, 72, 74, 76, 78, 80, 1, 3, 5, 7, 9, 11, 13, 15, 17, 19, 21, 23, 25, 27, 29, 31, 33, 35, 37, 39, 41, 43, 45, 47, 49, 51, 53, 55, 57, 59, 61, 63, 65, 67, 69, 71, 73, 75, 77, 79, 81, 0, 2, 4, 6, 8, 10
================================================================================
================================================================================
Test2 ==========================================================================
K1 = K(171, 32, 32, 0 Bytes), all blocks 1s, stream1
================================================================================
K1 smid = 0, 0, 2, 2, 4, 4, 6, 8, 10, 12, 14, 16, 18, 20, 22, 24, 26, 28, 30, 32, 34, 36, 38, 40, 42, 44, 46, 48, 50, 52, 54, 56, 58, 60, 62, 64, 66, 68, 70, 72, 74, 76, 78, 80, 1, 3, 5, 7, 9, 11, 13, 15, 17, 19, 21, 23, 25, 27, 29, 31, 33, 35, 37, 39, 41, 43, 45, 47, 49, 51, 53, 55, 57, 59, 61, 63, 65, 67, 69, 71, 73, 75, 77, 79, 81, 6, 8, 10, 12, 14, 16, 18, 20, 22, 24, 26, 28, 30, 32, 34, 36, 38, 40, 42, 44, 46, 48, 50, 52, 54, 56, 58, 60, 62, 64, 66, 68, 70, 72, 74, 76, 78, 80, 1, 3, 5, 7, 9, 11, 13, 15, 17, 19, 21, 23, 25, 27, 29, 31, 33, 35, 37, 39, 41, 43, 45, 47, 49, 51, 53, 55, 57, 59, 61, 63, 65, 67, 69, 71, 73, 75, 77, 79, 81, 0, 2, 4, 6, 8, 10, 12
================================================================================
================================================================================
Test2 ==========================================================================
K1 = K(172, 32, 32, 0 Bytes), all blocks 1s, stream1
================================================================================
K1 smid = 0, 0, 2, 2, 4, 4, 6, 8, 10, 12, 14, 16, 18, 20, 22, 24, 26, 28, 30, 32, 34, 36, 38, 40, 42, 44, 46, 48, 50, 52, 54, 56, 58, 60, 62, 64, 66, 68, 70, 72, 74, 76, 78, 80, 1, 3, 5, 7, 9, 11, 13, 15, 17, 19, 21, 23, 25, 27, 29, 31, 33, 35, 37, 39, 41, 43, 45, 47, 49, 51, 53, 55, 57, 59, 61, 63, 65, 67, 69, 71, 73, 75, 77, 79, 81, 6, 8, 10, 12, 14, 16, 18, 20, 22, 24, 26, 28, 30, 32, 34, 36, 38, 40, 42, 44, 46, 48, 50, 52, 54, 56, 58, 60, 62, 64, 66, 68, 70, 72, 74, 76, 78, 80, 1, 3, 5, 7, 9, 11, 13, 15, 17, 19, 21, 23, 25, 27, 29, 31, 33, 35, 37, 39, 41, 43, 45, 47, 49, 51, 53, 55, 57, 59, 61, 63, 65, 67, 69, 71, 73, 75, 77, 79, 81, 0, 2, 4, 6, 8, 10, 12, 14
================================================================================
================================================================================
Test2 ==========================================================================
K1 = K(244, 32, 32, 0 Bytes), all blocks 1s, stream1
================================================================================
K1 smid = 0, 0, 2, 2, 4, 4, 6, 6, 8, 8, 10, 10, 12, 12, 14, 14, 16, 16, 18, 18, 20, 20, 22, 22, 24, 24, 26, 26, 28, 28, 30, 30, 32, 32, 34, 34, 36, 36, 38, 38, 40, 40, 42, 42, 44, 44, 46, 46, 48, 48, 50, 50, 52, 52, 54, 54, 56, 56, 58, 58, 60, 60, 62, 62, 64, 64, 66, 66, 68, 68, 70, 70, 72, 72, 74, 74, 76, 76, 78, 80, 1, 3, 5, 7, 9, 11, 13, 15, 17, 19, 21, 23, 25, 27, 29, 31, 33, 35, 37, 39, 41, 43, 45, 47, 49, 51, 53, 55, 57, 59, 61, 63, 65, 67, 69, 71, 73, 75, 77, 79, 81, 78, 80, 1, 3, 5, 7, 9, 11, 13, 15, 17, 19, 21, 23, 25, 27, 29, 31, 33, 35, 37, 39, 41, 43, 45, 47, 49, 51, 53, 55, 57, 59, 61, 63, 65, 67, 69, 71, 73, 75, 77, 79, 81, 0, 2, 4, 6, 8, 10, 12, 14, 16, 18, 20, 22, 24, 26, 28, 30, 32, 34, 36, 38, 40, 42, 44, 46, 48, 50, 52, 54, 56, 58, 60, 62, 64, 66, 68, 70, 72, 74, 76, 78, 80, 1, 3, 5, 7, 9, 11, 13, 15, 17, 19, 21, 23, 25, 27, 29, 31, 33, 35, 37, 39, 41, 43, 45, 47, 49, 51, 53, 55, 57, 59, 61, 63, 65, 67, 69, 71, 73, 75, 77
================================================================================
================================================================================
Test2 ==========================================================================
K1 = K(245, 32, 32, 0 Bytes), all blocks 1s, stream1
================================================================================
K1 smid = 0, 0, 2, 2, 4, 4, 6, 6, 8, 8, 10, 10, 12, 12, 14, 14, 16, 16, 18, 18, 20, 20, 22, 22, 24, 24, 26, 26, 28, 28, 30, 30, 32, 32, 34, 34, 36, 36, 38, 38, 40, 40, 42, 42, 44, 44, 46, 46, 48, 48, 50, 50, 52, 52, 54, 54, 56, 56, 58, 58, 60, 60, 62, 62, 64, 64, 66, 66, 68, 68, 70, 70, 72, 72, 74, 74, 76, 76, 78, 78, 80, 1, 3, 5, 7, 9, 11, 13, 15, 17, 19, 21, 23, 25, 27, 29, 31, 33, 35, 37, 39, 41, 43, 45, 47, 49, 51, 53, 55, 57, 59, 61, 63, 65, 67, 69, 71, 73, 75, 77, 79, 81, 80, 1, 3, 5, 7, 9, 11, 13, 15, 17, 19, 21, 23, 25, 27, 29, 31, 33, 35, 37, 39, 41, 43, 45, 47, 49, 51, 53, 55, 57, 59, 61, 63, 65, 67, 69, 71, 73, 75, 77, 79, 81, 0, 2, 4, 6, 8, 10, 12, 14, 16, 18, 20, 22, 24, 26, 28, 30, 32, 34, 36, 38, 40, 42, 44, 46, 48, 50, 52, 54, 56, 58, 60, 62, 64, 66, 68, 70, 72, 74, 76, 78, 80, 1, 3, 5, 7, 9, 11, 13, 15, 17, 19, 21, 23, 25, 27, 29, 31, 33, 35, 37, 39, 41, 43, 45, 47, 49, 51, 53, 55, 57, 59, 61, 63, 65, 67, 69, 71, 73, 75, 77, 79
================================================================================
================================================================================
Test2 ==========================================================================
K1 = K(246, 32, 32, 0 Bytes), all blocks 1s, stream1
================================================================================
K1 smid = 0, 0, 2, 2, 4, 4, 6, 6, 8, 8, 10, 10, 12, 12, 14, 14, 16, 16, 18, 18, 20, 20, 22, 22, 24, 24, 26, 26, 28, 28, 30, 30, 32, 32, 34, 34, 36, 36, 38, 38, 40, 40, 42, 42, 44, 44, 46, 46, 48, 48, 50, 50, 52, 52, 54, 54, 56, 56, 58, 58, 60, 60, 62, 62, 64, 64, 66, 66, 68, 68, 70, 70, 72, 72, 74, 74, 76, 76, 78, 78, 80, 1, 3, 5, 7, 9, 11, 13, 15, 17, 19, 21, 23, 25, 27, 29, 31, 33, 35, 37, 39, 41, 43, 45, 47, 49, 51, 53, 55, 57, 59, 61, 63, 65, 67, 69, 71, 73, 75, 77, 79, 81, 80, 1, 3, 5, 7, 9, 11, 13, 15, 17, 19, 21, 23, 25, 27, 29, 31, 33, 35, 37, 39, 41, 43, 45, 47, 49, 51, 53, 55, 57, 59, 61, 63, 65, 67, 69, 71, 73, 75, 77, 79, 81, 0, 2, 4, 6, 8, 10, 12, 14, 16, 18, 20, 22, 24, 26, 28, 30, 32, 34, 36, 38, 40, 42, 44, 46, 48, 50, 52, 54, 56, 58, 60, 62, 64, 66, 68, 70, 72, 74, 76, 78, 80, 1, 3, 5, 7, 9, 11, 13, 15, 17, 19, 21, 23, 25, 27, 29, 31, 33, 35, 37, 39, 41, 43, 45, 47, 49, 51, 53, 55, 57, 59, 61, 63, 65, 67, 69, 71, 73, 75, 77, 79, 81
================================================================================
================================================================================
Test2 ==========================================================================
K1 = K(247, 32, 32, 0 Bytes), all blocks 1s, stream1
================================================================================
K1 smid = 0, 0, 2, 2, 4, 4, 6, 6, 8, 8, 10, 10, 12, 12, 14, 14, 16, 16, 18, 18, 20, 20, 22, 22, 24, 24, 26, 26, 28, 28, 30, 30, 32, 32, 34, 34, 36, 36, 38, 38, 40, 40, 42, 42, 44, 44, 46, 46, 48, 48, 50, 50, 52, 52, 54, 54, 56, 56, 58, 58, 60, 60, 62, 62, 64, 64, 66, 66, 68, 68, 70, 70, 72, 72, 74, 74, 76, 76, 78, 78, 80, 80, 1, 3, 5, 7, 9, 11, 13, 15, 17, 19, 21, 23, 25, 27, 29, 31, 33, 35, 37, 39, 41, 43, 45, 47, 49, 51, 53, 55, 57, 59, 61, 63, 65, 67, 69, 71, 73, 75, 77, 79, 81, 1, 3, 5, 7, 9, 11, 13, 15, 17, 19, 21, 23, 25, 27, 29, 31, 33, 35, 37, 39, 41, 43, 45, 47, 49, 51, 53, 55, 57, 59, 61, 63, 65, 67, 69, 71, 73, 75, 77, 79, 81, 0, 2, 4, 6, 8, 10, 12, 14, 16, 18, 20, 22, 24, 26, 28, 30, 32, 34, 36, 38, 40, 42, 44, 46, 48, 50, 52, 54, 56, 58, 60, 62, 64, 66, 68, 70, 72, 74, 76, 78, 80, 1, 3, 5, 7, 9, 11, 13, 15, 17, 19, 21, 23, 25, 27, 29, 31, 33, 35, 37, 39, 41, 43, 45, 47, 49, 51, 53, 55, 57, 59, 61, 63, 65, 67, 69, 71, 73, 75, 77, 79, 81, 0
================================================================================
================================================================================
Test2 ==========================================================================
K1 = K(248, 32, 32, 0 Bytes), all blocks 1s, stream1
================================================================================
K1 smid = 0, 0, 2, 2, 4, 4, 6, 6, 8, 8, 10, 10, 12, 12, 14, 14, 16, 16, 18, 18, 20, 20, 22, 22, 24, 24, 26, 26, 28, 28, 30, 30, 32, 32, 34, 34, 36, 36, 38, 38, 40, 40, 42, 42, 44, 44, 46, 46, 48, 48, 50, 50, 52, 52, 54, 54, 56, 56, 58, 58, 60, 60, 62, 62, 64, 64, 66, 66, 68, 68, 70, 70, 72, 72, 74, 74, 76, 76, 78, 78, 80, 80, 1, 3, 5, 7, 9, 11, 13, 15, 17, 19, 21, 23, 25, 27, 29, 31, 33, 35, 37, 39, 41, 43, 45, 47, 49, 51, 53, 55, 57, 59, 61, 63, 65, 67, 69, 71, 73, 75, 77, 79, 81, 1, 3, 5, 7, 9, 11, 13, 15, 17, 19, 21, 23, 25, 27, 29, 31, 33, 35, 37, 39, 41, 43, 45, 47, 49, 51, 53, 55, 57, 59, 61, 63, 65, 67, 69, 71, 73, 75, 77, 79, 81, 0, 2, 4, 6, 8, 10, 12, 14, 16, 18, 20, 22, 24, 26, 28, 30, 32, 34, 36, 38, 40, 42, 44, 46, 48, 50, 52, 54, 56, 58, 60, 62, 64, 66, 68, 70, 72, 74, 76, 78, 80, 1, 3, 5, 7, 9, 11, 13, 15, 17, 19, 21, 23, 25, 27, 29, 31, 33, 35, 37, 39, 41, 43, 45, 47, 49, 51, 53, 55, 57, 59, 61, 63, 65, 67, 69, 71, 73, 75, 77, 79, 81, 0, 2
================================================================================
================================================================================
Test2 ==========================================================================
K1 = K(326, 32, 32, 0 Bytes), all blocks 1s, stream1
================================================================================
K1 smid = 0, 0, 2, 2, 4, 4, 6, 6, 8, 8, 10, 10, 12, 12, 14, 14, 16, 16, 18, 18, 20, 20, 22, 22, 24, 24, 26, 26, 28, 28, 30, 30, 32, 32, 34, 34, 36, 36, 38, 38, 40, 40, 42, 42, 44, 44, 46, 46, 48, 48, 50, 50, 52, 52, 54, 54, 56, 56, 58, 58, 60, 60, 62, 62, 64, 64, 66, 66, 68, 68, 70, 70, 72, 72, 74, 74, 76, 76, 78, 78, 80, 80, 1, 1, 3, 3, 5, 5, 7, 7, 9, 9, 11, 11, 13, 13, 15, 15, 17, 17, 19, 19, 21, 21, 23, 23, 25, 25, 27, 27, 29, 29, 31, 31, 33, 33, 35, 35, 37, 37, 39, 39, 41, 41, 43, 43, 45, 45, 47, 47, 49, 49, 51, 51, 53, 53, 55, 55, 57, 57, 59, 59, 61, 61, 63, 63, 65, 65, 67, 67, 69, 69, 71, 71, 73, 73, 75, 75, 77, 77, 79, 81, 79, 81, 0, 2, 4, 6, 8, 10, 12, 14, 16, 18, 20, 22, 24, 26, 28, 30, 32, 34, 36, 38, 40, 42, 44, 46, 48, 50, 52, 54, 56, 58, 60, 62, 64, 66, 68, 70, 72, 74, 76, 78, 80, 1, 3, 5, 7, 9, 11, 13, 15, 17, 19, 21, 23, 25, 27, 29, 31, 33, 35, 37, 39, 41, 43, 45, 47, 49, 51, 53, 55, 57, 59, 61, 63, 65, 67, 69, 71, 73, 75, 77, 79, 81, 0, 2, 4, 6, 8, 10, 12, 14, 16, 18, 20, 22, 24, 26, 28, 30, 32, 34, 36, 38, 40, 42, 44, 46, 48, 50, 52, 54, 56, 58, 60, 62, 64, 66, 68, 70, 72, 74, 76, 78, 80, 1, 3, 5, 7, 9, 11, 13, 15, 17, 19, 21, 23, 25, 27, 29, 31, 33, 35, 37, 39, 41, 43, 45, 47, 49, 51, 53, 55, 57, 59, 61, 63, 65, 67, 69, 71, 73, 75, 77
================================================================================
================================================================================
Test2 ==========================================================================
K1 = K(327, 32, 32, 0 Bytes), all blocks 1s, stream1
================================================================================
K1 smid = 0, 0, 2, 2, 4, 4, 6, 6, 8, 8, 10, 10, 12, 12, 14, 14, 16, 16, 18, 18, 20, 20, 22, 22, 24, 24, 26, 26, 28, 28, 30, 30, 32, 32, 34, 34, 36, 36, 38, 38, 40, 40, 42, 42, 44, 44, 46, 46, 48, 48, 50, 50, 52, 52, 54, 54, 56, 56, 58, 58, 60, 60, 62, 62, 64, 64, 66, 66, 68, 68, 70, 70, 72, 72, 74, 74, 76, 76, 78, 78, 80, 80, 1, 1, 3, 3, 5, 5, 7, 7, 9, 9, 11, 11, 13, 13, 15, 15, 17, 17, 19, 19, 21, 21, 23, 23, 25, 25, 27, 27, 29, 29, 31, 31, 33, 33, 35, 35, 37, 37, 39, 39, 41, 41, 43, 43, 45, 45, 47, 47, 49, 49, 51, 51, 53, 53, 55, 55, 57, 57, 59, 59, 61, 61, 63, 63, 65, 65, 67, 67, 69, 69, 71, 71, 73, 73, 75, 75, 77, 77, 79, 79, 81, 81, 0, 2, 4, 6, 8, 10, 12, 14, 16, 18, 20, 22, 24, 26, 28, 30, 32, 34, 36, 38, 40, 42, 44, 46, 48, 50, 52, 54, 56, 58, 60, 62, 64, 66, 68, 70, 72, 74, 76, 78, 80, 1, 3, 5, 7, 9, 11, 13, 15, 17, 19, 21, 23, 25, 27, 29, 31, 33, 35, 37, 39, 41, 43, 45, 47, 49, 51, 53, 55, 57, 59, 61, 63, 65, 67, 69, 71, 73, 75, 77, 79, 81, 0, 2, 4, 6, 8, 10, 12, 14, 16, 18, 20, 22, 24, 26, 28, 30, 32, 34, 36, 38, 40, 42, 44, 46, 48, 50, 52, 54, 56, 58, 60, 62, 64, 66, 68, 70, 72, 74, 76, 78, 80, 1, 3, 5, 7, 9, 11, 13, 15, 17, 19, 21, 23, 25, 27, 29, 31, 33, 35, 37, 39, 41, 43, 45, 47, 49, 51, 53, 55, 57, 59, 61, 63, 65, 67, 69, 71, 73, 75, 77, 79
================================================================================
================================================================================
Test2 ==========================================================================
K1 = K(328, 32, 32, 0 Bytes), all blocks 1s, stream1
================================================================================
K1 smid = 0, 0, 2, 2, 4, 4, 6, 6, 8, 8, 10, 10, 12, 12, 14, 14, 16, 16, 18, 18, 20, 20, 22, 22, 24, 24, 26, 26, 28, 28, 30, 30, 32, 32, 34, 34, 36, 36, 38, 38, 40, 40, 42, 42, 44, 44, 46, 46, 48, 48, 50, 50, 52, 52, 54, 54, 56, 56, 58, 58, 60, 60, 62, 62, 64, 64, 66, 66, 68, 68, 70, 70, 72, 72, 74, 74, 76, 76, 78, 78, 80, 80, 1, 1, 3, 3, 5, 5, 7, 7, 9, 9, 11, 11, 13, 13, 15, 15, 17, 17, 19, 19, 21, 21, 23, 23, 25, 25, 27, 27, 29, 29, 31, 31, 33, 33, 35, 35, 37, 37, 39, 39, 41, 41, 43, 43, 45, 45, 47, 47, 49, 49, 51, 51, 53, 53, 55, 55, 57, 57, 59, 59, 61, 61, 63, 63, 65, 65, 67, 67, 69, 69, 71, 71, 73, 73, 75, 75, 77, 77, 79, 79, 81, 81, 0, 2, 4, 6, 8, 10, 12, 14, 16, 18, 20, 22, 24, 26, 28, 30, 32, 34, 36, 38, 40, 42, 44, 46, 48, 50, 52, 54, 56, 58, 60, 62, 64, 66, 68, 70, 72, 74, 76, 78, 80, 1, 3, 5, 7, 9, 11, 13, 15, 17, 19, 21, 23, 25, 27, 29, 31, 33, 35, 37, 39, 41, 43, 45, 47, 49, 51, 53, 55, 57, 59, 61, 63, 65, 67, 69, 71, 73, 75, 77, 79, 81, 0, 2, 4, 6, 8, 10, 12, 14, 16, 18, 20, 22, 24, 26, 28, 30, 32, 34, 36, 38, 40, 42, 44, 46, 48, 50, 52, 54, 56, 58, 60, 62, 64, 66, 68, 70, 72, 74, 76, 78, 80, 1, 3, 5, 7, 9, 11, 13, 15, 17, 19, 21, 23, 25, 27, 29, 31, 33, 35, 37, 39, 41, 43, 45, 47, 49, 51, 53, 55, 57, 59, 61, 63, 65, 67, 69, 71, 73, 75, 77, 79, 81
================================================================================
================================================================================
Test2 ==========================================================================
K1 = K(329, 32, 32, 0 Bytes), all blocks 1s, stream1
================================================================================
K1 smid = 0, 0, 2, 2, 4, 4, 6, 6, 8, 8, 10, 10, 12, 12, 14, 14, 16, 16, 18, 18, 20, 20, 22, 22, 24, 24, 26, 26, 28, 28, 30, 30, 32, 32, 34, 34, 36, 36, 38, 38, 40, 40, 42, 42, 44, 44, 46, 46, 48, 48, 50, 50, 52, 52, 54, 54, 56, 56, 58, 58, 60, 60, 62, 62, 64, 64, 66, 66, 68, 68, 70, 70, 72, 72, 74, 74, 76, 76, 78, 78, 80, 80, 1, 1, 3, 3, 5, 5, 7, 7, 9, 9, 11, 11, 13, 13, 15, 15, 17, 17, 19, 19, 21, 21, 23, 23, 25, 25, 27, 27, 29, 29, 31, 31, 33, 33, 35, 35, 37, 37, 39, 39, 41, 41, 43, 43, 45, 45, 47, 47, 49, 49, 51, 51, 53, 53, 55, 55, 57, 57, 59, 59, 61, 61, 63, 63, 65, 65, 67, 67, 69, 69, 71, 71, 73, 73, 75, 75, 77, 77, 79, 79, 81, 81, 0, 2, 4, 6, 8, 10, 12, 14, 16, 18, 20, 22, 24, 26, 28, 30, 32, 34, 36, 38, 40, 42, 44, 46, 48, 50, 52, 54, 56, 58, 60, 62, 64, 66, 68, 70, 72, 74, 76, 78, 80, 1, 3, 5, 7, 9, 11, 13, 15, 17, 19, 21, 23, 25, 27, 29, 31, 33, 35, 37, 39, 41, 43, 45, 47, 49, 51, 53, 55, 57, 59, 61, 63, 65, 67, 69, 71, 73, 75, 77, 79, 81, 0, 2, 4, 6, 8, 10, 12, 14, 16, 18, 20, 22, 24, 26, 28, 30, 32, 34, 36, 38, 40, 42, 44, 46, 48, 50, 52, 54, 56, 58, 60, 62, 64, 66, 68, 70, 72, 74, 76, 78, 80, 1, 3, 5, 7, 9, 11, 13, 15, 17, 19, 21, 23, 25, 27, 29, 31, 33, 35, 37, 39, 41, 43, 45, 47, 49, 51, 53, 55, 57, 59, 61, 63, 65, 67, 69, 71, 73, 75, 77, 79, 81, 0
================================================================================
================================================================================
Test2 ==========================================================================
K1 = K(330, 32, 32, 0 Bytes), all blocks 1s, stream1
================================================================================
K1 smid = 0, 0, 2, 2, 4, 4, 6, 6, 8, 8, 10, 10, 12, 12, 14, 14, 16, 16, 18, 18, 20, 20, 22, 22, 24, 24, 26, 26, 28, 28, 30, 30, 32, 32, 34, 34, 36, 36, 38, 38, 40, 40, 42, 42, 44, 44, 46, 46, 48, 48, 50, 50, 52, 52, 54, 54, 56, 56, 58, 58, 60, 60, 62, 62, 64, 64, 66, 66, 68, 68, 70, 70, 72, 72, 74, 74, 76, 76, 78, 78, 80, 80, 1, 1, 3, 3, 5, 5, 7, 7, 9, 9, 11, 11, 13, 13, 15, 15, 17, 17, 19, 19, 21, 21, 23, 23, 25, 25, 27, 27, 29, 29, 31, 31, 33, 33, 35, 35, 37, 37, 39, 39, 41, 41, 43, 43, 45, 45, 47, 47, 49, 49, 51, 51, 53, 53, 55, 55, 57, 57, 59, 59, 61, 61, 63, 63, 65, 65, 67, 67, 69, 69, 71, 71, 73, 73, 75, 75, 77, 77, 79, 79, 81, 81, 0, 2, 4, 6, 8, 10, 12, 14, 16, 18, 20, 22, 24, 26, 28, 30, 32, 34, 36, 38, 40, 42, 44, 46, 48, 50, 52, 54, 56, 58, 60, 62, 64, 66, 68, 70, 72, 74, 76, 78, 80, 1, 3, 5, 7, 9, 11, 13, 15, 17, 19, 21, 23, 25, 27, 29, 31, 33, 35, 37, 39, 41, 43, 45, 47, 49, 51, 53, 55, 57, 59, 61, 63, 65, 67, 69, 71, 73, 75, 77, 79, 81, 0, 2, 4, 6, 8, 10, 12, 14, 16, 18, 20, 22, 24, 26, 28, 30, 32, 34, 36, 38, 40, 42, 44, 46, 48, 50, 52, 54, 56, 58, 60, 62, 64, 66, 68, 70, 72, 74, 76, 78, 80, 1, 3, 5, 7, 9, 11, 13, 15, 17, 19, 21, 23, 25, 27, 29, 31, 33, 35, 37, 39, 41, 43, 45, 47, 49, 51, 53, 55, 57, 59, 61, 63, 65, 67, 69, 71, 73, 75, 77, 79, 81, 0, 2
================================================================================
================================================================================
Test2 ==========================================================================
K1 = K(410, 32, 32, 0 Bytes), all blocks 1s, stream1
================================================================================
K1 smid = 0, 0, 2, 2, 4, 4, 6, 6, 8, 8, 10, 10, 12, 12, 14, 14, 16, 16, 18, 18, 20, 20, 22, 22, 24, 24, 26, 26, 28, 28, 30, 30, 32, 32, 34, 34, 36, 36, 38, 38, 40, 40, 42, 42, 44, 44, 46, 46, 48, 48, 50, 50, 52, 52, 54, 54, 56, 56, 58, 58, 60, 60, 62, 62, 64, 64, 66, 66, 68, 68, 70, 70, 72, 72, 74, 74, 76, 76, 78, 78, 80, 80, 1, 1, 3, 3, 5, 5, 7, 7, 9, 9, 11, 11, 13, 13, 15, 15, 17, 17, 19, 19, 21, 21, 23, 23, 25, 25, 27, 27, 29, 29, 31, 31, 33, 33, 35, 35, 37, 37, 39, 39, 41, 41, 43, 43, 45, 45, 47, 47, 49, 49, 51, 51, 53, 53, 55, 55, 57, 57, 59, 59, 61, 61, 63, 63, 65, 65, 67, 67, 69, 69, 71, 71, 73, 73, 75, 75, 77, 77, 79, 79, 81, 81, 0, 0, 2, 2, 4, 4, 6, 6, 8, 8, 10, 10, 12, 12, 14, 14, 16, 16, 18, 18, 20, 20, 22, 22, 24, 24, 26, 26, 28, 28, 30, 30, 32, 32, 34, 34, 36, 36, 38, 38, 40, 40, 42, 42, 44, 44, 46, 46, 48, 48, 50, 50, 52, 52, 54, 54, 56, 56, 58, 58, 60, 60, 62, 62, 64, 64, 66, 66, 68, 68, 70, 70, 72, 72, 74, 74, 76, 76, 78, 78, 80, 1, 3, 5, 7, 9, 11, 13, 15, 17, 19, 21, 23, 25, 27, 29, 31, 33, 35, 37, 39, 41, 43, 45, 47, 49, 51, 53, 55, 57, 59, 61, 63, 65, 67, 69, 71, 73, 75, 77, 79, 81, 80, 1, 3, 5, 7, 9, 11, 13, 15, 17, 19, 21, 23, 25, 27, 29, 31, 33, 35, 37, 39, 41, 43, 45, 47, 49, 51, 53, 55, 57, 59, 61, 63, 65, 67, 69, 71, 73, 75, 77, 79, 81, 0, 2, 4, 6, 8, 10, 12, 14, 16, 18, 20, 22, 24, 26, 28, 30, 32, 34, 36, 38, 40, 42, 44, 46, 48, 50, 52, 54, 56, 58, 60, 62, 64, 66, 68, 70, 72, 74, 76, 78, 80, 1, 3, 5, 7, 9, 11, 13, 15, 17, 19, 21, 23, 25, 27, 29, 31, 33, 35, 37, 39, 41, 43, 45, 47, 49, 51, 53, 55, 57, 59, 61, 63, 65, 67, 69, 71, 73, 75, 77, 79, 81
================================================================================
================================================================================
Test2 ==========================================================================
K1 = K(492, 32, 32, 0 Bytes), all blocks 1s, stream1
================================================================================
K1 smid = 0, 0, 2, 2, 4, 4, 6, 6, 8, 8, 10, 10, 12, 12, 14, 14, 16, 16, 18, 18, 20, 20, 22, 22, 24, 24, 26, 26, 28, 28, 30, 30, 32, 32, 34, 34, 36, 36, 38, 38, 40, 40, 42, 42, 44, 44, 46, 46, 48, 48, 50, 50, 52, 52, 54, 54, 56, 56, 58, 58, 60, 60, 62, 62, 64, 64, 66, 66, 68, 68, 70, 70, 72, 72, 74, 74, 76, 76, 78, 78, 80, 80, 1, 1, 3, 3, 5, 5, 7, 7, 9, 9, 11, 11, 13, 13, 15, 15, 17, 17, 19, 19, 21, 21, 23, 23, 25, 25, 27, 27, 29, 29, 31, 31, 33, 33, 35, 35, 37, 37, 39, 39, 41, 41, 43, 43, 45, 45, 47, 47, 49, 49, 51, 51, 53, 53, 55, 55, 57, 57, 59, 59, 61, 61, 63, 63, 65, 65, 67, 67, 69, 69, 71, 71, 73, 73, 75, 75, 77, 77, 79, 79, 81, 81, 0, 0, 2, 2, 4, 4, 6, 6, 8, 8, 10, 10, 12, 12, 14, 14, 16, 16, 18, 18, 20, 20, 22, 22, 24, 24, 26, 26, 28, 28, 30, 30, 32, 32, 34, 34, 36, 36, 38, 38, 40, 40, 42, 42, 44, 44, 46, 46, 48, 48, 50, 50, 52, 52, 54, 54, 56, 56, 58, 58, 60, 60, 62, 62, 64, 64, 66, 66, 68, 68, 70, 70, 72, 72, 74, 74, 76, 76, 78, 78, 80, 80, 1, 1, 3, 3, 5, 5, 7, 7, 9, 9, 11, 11, 13, 13, 15, 15, 17, 17, 19, 19, 21, 21, 23, 23, 25, 25, 27, 27, 29, 29, 31, 31, 33, 33, 35, 35, 37, 37, 39, 39, 41, 41, 43, 43, 45, 45, 47, 47, 49, 49, 51, 51, 53, 53, 55, 55, 57, 57, 59, 59, 61, 61, 63, 63, 65, 65, 67, 67, 69, 69, 71, 71, 73, 73, 75, 75, 77, 77, 79, 79, 81, 81, 0, 2, 4, 6, 8, 10, 12, 14, 16, 18, 20, 22, 24, 26, 28, 30, 32, 34, 36, 38, 40, 42, 44, 46, 48, 50, 52, 54, 56, 58, 60, 62, 64, 66, 68, 70, 72, 74, 76, 78, 80, 1, 3, 5, 7, 9, 11, 13, 15, 17, 19, 21, 23, 25, 27, 29, 31, 33, 35, 37, 39, 41, 43, 45, 47, 49, 51, 53, 55, 57, 59, 61, 63, 65, 67, 69, 71, 73, 75, 77, 79, 81, 0, 2, 4, 6, 8, 10, 12, 14, 16, 18, 20, 22, 24, 26, 28, 30, 32, 34, 36, 38, 40, 42, 44, 46, 48, 50, 52, 54, 56, 58, 60, 62, 64, 66, 68, 70, 72, 74, 76, 78, 80, 1, 3, 5, 7, 9, 11, 13, 15, 17, 19, 21, 23, 25, 27, 29, 31, 33, 35, 37, 39, 41, 43, 45, 47, 49, 51, 53, 55, 57, 59, 61, 63, 65, 67, 69, 71, 73, 75, 77, 79, 81
================================================================================
================================================================================
Test2 ==========================================================================
K1 = K(574, 32, 32, 0 Bytes), all blocks 1s, stream1
================================================================================
K1 smid = 0, 0, 2, 2, 4, 4, 6, 6, 8, 8, 10, 10, 12, 12, 14, 14, 16, 16, 18, 18, 20, 20, 22, 22, 24, 24, 26, 26, 28, 28, 30, 30, 32, 32, 34, 34, 36, 36, 38, 38, 40, 40, 42, 42, 44, 44, 46, 46, 48, 48, 50, 50, 52, 52, 54, 54, 56, 56, 58, 58, 60, 60, 62, 62, 64, 64, 66, 66, 68, 68, 70, 70, 72, 72, 74, 74, 76, 76, 78, 78, 80, 80, 1, 1, 3, 3, 5, 5, 7, 7, 9, 9, 11, 11, 13, 13, 15, 15, 17, 17, 19, 19, 21, 21, 23, 23, 25, 25, 27, 27, 29, 29, 31, 31, 33, 33, 35, 35, 37, 37, 39, 39, 41, 41, 43, 43, 45, 45, 47, 47, 49, 49, 51, 51, 53, 53, 55, 55, 57, 57, 59, 59, 61, 61, 63, 63, 65, 65, 67, 67, 69, 69, 71, 71, 73, 73, 75, 75, 77, 77, 79, 79, 81, 81, 0, 0, 2, 2, 4, 4, 6, 6, 8, 8, 10, 10, 12, 12, 14, 14, 16, 16, 18, 18, 20, 20, 22, 22, 24, 24, 26, 26, 28, 28, 30, 30, 32, 32, 34, 34, 36, 36, 38, 38, 40, 40, 42, 42, 44, 44, 46, 46, 48, 48, 50, 50, 52, 52, 54, 54, 56, 56, 58, 58, 60, 60, 62, 62, 64, 64, 66, 66, 68, 68, 70, 70, 72, 72, 74, 74, 76, 76, 78, 78, 80, 80, 1, 1, 3, 3, 5, 5, 7, 7, 9, 9, 11, 11, 13, 13, 15, 15, 17, 17, 19, 19, 21, 21, 23, 23, 25, 25, 27, 27, 29, 29, 31, 31, 33, 33, 35, 35, 37, 37, 39, 39, 41, 41, 43, 43, 45, 45, 47, 47, 49, 49, 51, 51, 53, 53, 55, 55, 57, 57, 59, 59, 61, 61, 63, 63, 65, 65, 67, 67, 69, 69, 71, 71, 73, 73, 75, 75, 77, 77, 79, 79, 81, 81, 0, 0, 2, 2, 4, 4, 6, 6, 8, 8, 10, 10, 12, 12, 14, 14, 16, 16, 18, 18, 20, 20, 22, 22, 24, 24, 26, 26, 28, 28, 30, 30, 32, 32, 34, 34, 36, 36, 38, 38, 40, 40, 42, 42, 44, 44, 46, 46, 48, 48, 50, 50, 52, 52, 54, 54, 56, 56, 58, 58, 60, 60, 62, 62, 64, 64, 66, 66, 68, 68, 70, 70, 72, 72, 74, 74, 76, 76, 78, 78, 80, 1, 3, 5, 7, 9, 11, 13, 15, 17, 19, 21, 23, 25, 27, 29, 31, 33, 35, 37, 39, 41, 43, 45, 47, 49, 51, 53, 55, 57, 59, 61, 63, 65, 67, 69, 71, 73, 75, 77, 79, 81, 80, 1, 3, 5, 7, 9, 11, 13, 15, 17, 19, 21, 23, 25, 27, 29, 31, 33, 35, 37, 39, 41, 43, 45, 47, 49, 51, 53, 55, 57, 59, 61, 63, 65, 67, 69, 71, 73, 75, 77, 79, 81, 0, 2, 4, 6, 8, 10, 12, 14, 16, 18, 20, 22, 24, 26, 28, 30, 32, 34, 36, 38, 40, 42, 44, 46, 48, 50, 52, 54, 56, 58, 60, 62, 64, 66, 68, 70, 72, 74, 76, 78, 80, 1, 3, 5, 7, 9, 11, 13, 15, 17, 19, 21, 23, 25, 27, 29, 31, 33, 35, 37, 39, 41, 43, 45, 47, 49, 51, 53, 55, 57, 59, 61, 63, 65, 67, 69, 71, 73, 75, 77, 79, 81
================================================================================
================================================================================
Test2 ==========================================================================
K1 = K(656, 32, 32, 0 Bytes), all blocks 1s, stream1
================================================================================
K1 smid = 0, 0, 2, 2, 4, 4, 6, 6, 8, 8, 10, 10, 12, 12, 14, 14, 16, 16, 18, 18, 20, 20, 22, 22, 24, 24, 26, 26, 28, 28, 30, 30, 32, 32, 34, 34, 36, 36, 38, 38, 40, 40, 42, 42, 44, 44, 46, 46, 48, 48, 50, 50, 52, 52, 54, 54, 56, 56, 58, 58, 60, 60, 62, 62, 64, 64, 66, 66, 68, 68, 70, 70, 72, 72, 74, 74, 76, 76, 78, 78, 80, 80, 1, 1, 3, 3, 5, 5, 7, 7, 9, 9, 11, 11, 13, 13, 15, 15, 17, 17, 19, 19, 21, 21, 23, 23, 25, 25, 27, 27, 29, 29, 31, 31, 33, 33, 35, 35, 37, 37, 39, 39, 41, 41, 43, 43, 45, 45, 47, 47, 49, 49, 51, 51, 53, 53, 55, 55, 57, 57, 59, 59, 61, 61, 63, 63, 65, 65, 67, 67, 69, 69, 71, 71, 73, 73, 75, 75, 77, 77, 79, 79, 81, 81, 0, 0, 2, 2, 4, 4, 6, 6, 8, 8, 10, 10, 12, 12, 14, 14, 16, 16, 18, 18, 20, 20, 22, 22, 24, 24, 26, 26, 28, 28, 30, 30, 32, 32, 34, 34, 36, 36, 38, 38, 40, 40, 42, 42, 44, 44, 46, 46, 48, 48, 50, 50, 52, 52, 54, 54, 56, 56, 58, 58, 60, 60, 62, 62, 64, 64, 66, 66, 68, 68, 70, 70, 72, 72, 74, 74, 76, 76, 78, 78, 80, 80, 1, 1, 3, 3, 5, 5, 7, 7, 9, 9, 11, 11, 13, 13, 15, 15, 17, 17, 19, 19, 21, 21, 23, 23, 25, 25, 27, 27, 29, 29, 31, 31, 33, 33, 35, 35, 37, 37, 39, 39, 41, 41, 43, 43, 45, 45, 47, 47, 49, 49, 51, 51, 53, 53, 55, 55, 57, 57, 59, 59, 61, 61, 63, 63, 65, 65, 67, 67, 69, 69, 71, 71, 73, 73, 75, 75, 77, 77, 79, 79, 81, 81, 0, 0, 2, 2, 4, 4, 6, 6, 8, 8, 10, 10, 12, 12, 14, 14, 16, 16, 18, 18, 20, 20, 22, 22, 24, 24, 26, 26, 28, 28, 30, 30, 32, 32, 34, 34, 36, 36, 38, 38, 40, 40, 42, 42, 44, 44, 46, 46, 48, 48, 50, 50, 52, 52, 54, 54, 56, 56, 58, 58, 60, 60, 62, 62, 64, 64, 66, 66, 68, 68, 70, 70, 72, 72, 74, 74, 76, 76, 78, 78, 80, 80, 1, 1, 3, 3, 5, 5, 7, 7, 9, 9, 11, 11, 13, 13, 15, 15, 17, 17, 19, 19, 21, 21, 23, 23, 25, 25, 27, 27, 29, 29, 31, 31, 33, 33, 35, 35, 37, 37, 39, 39, 41, 41, 43, 43, 45, 45, 47, 47, 49, 49, 51, 51, 53, 53, 55, 55, 57, 57, 59, 59, 61, 61, 63, 63, 65, 65, 67, 67, 69, 69, 71, 71, 73, 73, 75, 75, 77, 77, 79, 79, 81, 81, 0, 2, 4, 6, 8, 10, 12, 14, 16, 18, 20, 22, 24, 26, 28, 30, 32, 34, 36, 38, 40, 42, 44, 46, 48, 50, 52, 54, 56, 58, 60, 62, 64, 66, 68, 70, 72, 74, 76, 78, 80, 1, 3, 5, 7, 9, 11, 13, 15, 17, 19, 21, 23, 25, 27, 29, 31, 33, 35, 37, 39, 41, 43, 45, 47, 49, 51, 53, 55, 57, 59, 61, 63, 65, 67, 69, 71, 73, 75, 77, 79, 81, 0, 2, 4, 6, 8, 10, 12, 14, 16, 18, 20, 22, 24, 26, 28, 30, 32, 34, 36, 38, 40, 42, 44, 46, 48, 50, 52, 54, 56, 58, 60, 62, 64, 66, 68, 70, 72, 74, 76, 78, 80, 1, 3, 5, 7, 9, 11, 13, 15, 17, 19, 21, 23, 25, 27, 29, 31, 33, 35, 37, 39, 41, 43, 45, 47, 49, 51, 53, 55, 57, 59, 61, 63, 65, 67, 69, 71, 73, 75, 77, 79, 81
================================================================================
Generating '/tmp/nsys-report-e6dd.qdstrm'
[1/1] [0%                          ] test2.nsys-rep[1/1] [0%                          ] test2.nsys-rep[1/1] [===================79%      ] test2.nsys-rep[1/1] [========================100%] test2.nsys-rep[1/1] [========================100%] test2.nsys-rep
Generated:
    /root/block-scheduling/test2/test2.nsys-rep
make[1]: Leaving directory '/root/block-scheduling/test2'
mkdir -p result
mv test2/test2.nsys-rep result/test2_RTX3090.nsys-rep
make clean -C test3
make[1]: Entering directory '/root/block-scheduling/test3'
rm -f test3 *.nsys-rep
make[1]: Leaving directory '/root/block-scheduling/test3'
make -C test3 GPGPU=RTX3090
make[1]: Entering directory '/root/block-scheduling/test3'
nvcc test3.cu -o test3 -arch=compute_86 -code=sm_86 --ptxas-options=-v -L../kernels -lkernels_86 -I../include -DRTX3090
make[1]: Leaving directory '/root/block-scheduling/test3'
make profile -C test3
make[1]: Entering directory '/root/block-scheduling/test3'
nsys profile -t cuda --stats false -f true -w true -o test3 ./test3
================================================================================
Test3 ==========================================================================
K1 = K(83, 992, 32, 0 Bytes), all blocks 1s, stream1
K2 = K(1, 32, 32, 0 Bytes), all blocks 1s, stream2
================================================================================
Generating '/tmp/nsys-report-6b67.qdstrm'
[1/1] [0%                          ] test3.nsys-rep[1/1] [0%                          ] test3.nsys-rep[1/1] [10%                         ] test3.nsys-rep[1/1] [==20%                       ] test3.nsys-rep[1/1] [===============66%          ] test3.nsys-rep[1/1] [================68%         ] test3.nsys-rep[1/1] [================69%         ] test3.nsys-rep[1/1] [========================100%] test3.nsys-rep[1/1] [========================100%] test3.nsys-rep
Generated:
    /root/block-scheduling/test3/test3.nsys-rep
make[1]: Leaving directory '/root/block-scheduling/test3'
mkdir -p result
mv test3/test3.nsys-rep result/test3_RTX3090.nsys-rep
make clean -C test4
make[1]: Entering directory '/root/block-scheduling/test4'
rm -f test4 *.nsys-rep
make[1]: Leaving directory '/root/block-scheduling/test4'
make -C test4 GPGPU=RTX3090
make[1]: Entering directory '/root/block-scheduling/test4'
nvcc test4.cu -o test4 -arch=compute_86 -code=sm_86 --ptxas-options=-v -L../kernels -lkernels_86 -I../include -DRTX3090
make[1]: Leaving directory '/root/block-scheduling/test4'
make profile -C test4
make[1]: Entering directory '/root/block-scheduling/test4'
nsys profile -t cuda --stats false -f true -w true -o test4 ./test4
================================================================================
Test4 ==========================================================================
K1 = K(82, 1024, 32, 0 Bytes), all blocks 1s, stream1
K2 = K(82, 1024, 32, 0 Bytes), all blocks 1s, stream1
K3 = K(82, 1024, 32, 0 Bytes), all blocks 1s, stream2
K4 = K(82, 1024, 32, 0 Bytes), all blocks 1s, stream3
================================================================================
Generating '/tmp/nsys-report-4059.qdstrm'
[1/1] [0%                          ] test4.nsys-rep[1/1] [0%                          ] test4.nsys-rep[1/1] [7%                          ] test4.nsys-rep[1/1] [=15%                        ] test4.nsys-rep[1/1] [================70%         ] test4.nsys-rep[1/1] [=================72%        ] test4.nsys-rep[1/1] [=================73%        ] test4.nsys-rep[1/1] [========================100%] test4.nsys-rep[1/1] [========================100%] test4.nsys-rep
Generated:
    /root/block-scheduling/test4/test4.nsys-rep
make[1]: Leaving directory '/root/block-scheduling/test4'
mkdir -p result
mv test4/test4.nsys-rep result/test4_RTX3090.nsys-rep
make clean -C test5
make[1]: Entering directory '/root/block-scheduling/test5'
rm -f test5 *.nsys-rep
make[1]: Leaving directory '/root/block-scheduling/test5'
make -C test5 GPGPU=RTX3090
make[1]: Entering directory '/root/block-scheduling/test5'
nvcc test5.cu -o test5 -arch=compute_86 -code=sm_86 --ptxas-options=-v -L../kernels -lkernels_86 -I../include -DRTX3090
make[1]: Leaving directory '/root/block-scheduling/test5'
make profile -C test5
make[1]: Entering directory '/root/block-scheduling/test5'
nsys profile -t cuda --stats false -f true -w true -o test5 ./test5
================================================================================
Test5 ==========================================================================
K1 = K(82, 1024, 32, 0 Bytes), all blocks 1s, stream1 (high priority)
K2 = K(82, 1024, 32, 0 Bytes), all blocks 1s, stream2 ( low priority)
K3 = K(82, 1024, 32, 0 Bytes), all blocks 1s, stream1 (high priority)
K4 = K(82, 1024, 32, 0 Bytes), all blocks 1s, stream3 ( low priority)
================================================================================
Device Stream Priority: [0(lowest), -5(highest)]
Generating '/tmp/nsys-report-639e.qdstrm'
[1/1] [0%                          ] test5.nsys-rep[1/1] [0%                          ] test5.nsys-rep[1/1] [7%                          ] test5.nsys-rep[1/1] [=15%                        ] test5.nsys-rep[1/1] [================70%         ] test5.nsys-rep[1/1] [=================72%        ] test5.nsys-rep[1/1] [=================73%        ] test5.nsys-rep[1/1] [========================100%] test5.nsys-rep[1/1] [========================100%] test5.nsys-rep
Generated:
    /root/block-scheduling/test5/test5.nsys-rep
make[1]: Leaving directory '/root/block-scheduling/test5'
mkdir -p result
mv test5/test5.nsys-rep result/test5_RTX3090.nsys-rep
make clean -C test6
make[1]: Entering directory '/root/block-scheduling/test6'
rm -f test6 *.nsys-rep
make[1]: Leaving directory '/root/block-scheduling/test6'
make -C test6 GPGPU=RTX3090
make[1]: Entering directory '/root/block-scheduling/test6'
nvcc test6.cu -o test6 -arch=compute_86 -code=sm_86 --ptxas-options=-v -L../kernels -lkernels_86 -I../include -DRTX3090
make[1]: Leaving directory '/root/block-scheduling/test6'
make profile -C test6
make[1]: Entering directory '/root/block-scheduling/test6'
nsys profile -t cuda --stats false -f true -w true -o test6 ./test6
================================================================================
Test6 ==========================================================================
Ki = K(1, 32, 32, 0 Bytes), all blocks 1s, streami
, i = 0-129================================================================================
Generating '/tmp/nsys-report-21e3.qdstrm'
[1/1] [0%                          ] test6.nsys-rep[1/1] [0%                          ] test6.nsys-rep[1/1] [====================83%     ] test6.nsys-rep[1/1] [========================100%] test6.nsys-rep[1/1] [========================100%] test6.nsys-rep
Generated:
    /root/block-scheduling/test6/test6.nsys-rep
make[1]: Leaving directory '/root/block-scheduling/test6'
mkdir -p result
mv test6/test6.nsys-rep result/test6_RTX3090.nsys-rep
make clean -C test7
make[1]: Entering directory '/root/block-scheduling/test7'
rm -f test7 *.nsys-rep
make[1]: Leaving directory '/root/block-scheduling/test7'
make -C test7 GPGPU=RTX3090
make[1]: Entering directory '/root/block-scheduling/test7'
nvcc test7.cu -o test7 -arch=compute_86 -code=sm_86 --ptxas-options=-v -L../kernels -lkernels_86 -I../include -DRTX3090
make[1]: Leaving directory '/root/block-scheduling/test7'
make profile -C test7
make[1]: Entering directory '/root/block-scheduling/test7'
nsys profile -t cuda --stats false -f true -w true -o test7 ./test7
================================================================================
Test7 ==========================================================================
K1 = K(82, 32, 32, 0 Bytes), all blocks 1s, stream1
================================================================================
K1 smid = 0, 2, 4, 6, 8, 10, 12, 14, 16, 18, 20, 22, 24, 26, 28, 30, 32, 34, 36, 38, 40, 42, 44, 46, 48, 50, 52, 54, 56, 58, 60, 62, 64, 66, 68, 70, 72, 74, 76, 78, 80, 1, 3, 5, 7, 9, 11, 13, 15, 17, 19, 21, 23, 25, 27, 29, 31, 33, 35, 37, 39, 41, 43, 45, 47, 49, 51, 53, 55, 57, 59, 61, 63, 65, 67, 69, 71, 73, 75, 77, 79, 81
================================================================================
Generating '/tmp/nsys-report-4a89.qdstrm'
[1/1] [0%                          ] test7.nsys-rep[1/1] [0%                          ] test7.nsys-rep[1/1] [=======39%                  ] test7.nsys-rep[1/1] [===========51%              ] test7.nsys-rep[1/1] [==============63%           ] test7.nsys-rep[1/1] [===============66%          ] test7.nsys-rep[1/1] [===============67%          ] test7.nsys-rep[1/1] [========================100%] test7.nsys-rep[1/1] [========================100%] test7.nsys-rep
Generated:
    /root/block-scheduling/test7/test7.nsys-rep
make[1]: Leaving directory '/root/block-scheduling/test7'
mkdir -p result
mv test7/test7.nsys-rep result/test7_RTX3090.nsys-rep
make clean -C test8
make[1]: Entering directory '/root/block-scheduling/test8'
rm -f test8 *.nsys-rep
make[1]: Leaving directory '/root/block-scheduling/test8'
make -C test8 GPGPU=RTX3090
make[1]: Entering directory '/root/block-scheduling/test8'
nvcc test8.cu -o test8 -arch=compute_86 -code=sm_86 --ptxas-options=-v -L../kernels -lkernels_86 -I../include -DRTX3090
make[1]: Leaving directory '/root/block-scheduling/test8'
make profile -C test8
make[1]: Entering directory '/root/block-scheduling/test8'
nsys profile -t cuda --stats false -f true -w true -o test8 ./test8
================================================================================
Test8 ==========================================================================
K1 = K(41, 256, 128, 0 Bytes), all blocks 1s, stream1
K2 = K(41, 256, 128, 0 Bytes), all blocks 1s, stream2
K3 = K(41, 256, 128, 0 Bytes), all blocks 1s, stream3
================================================================================
K1 smid = 0, 2, 4, 6, 8, 10, 12, 14, 16, 18, 20, 22, 24, 26, 28, 30, 32, 34, 36, 38, 40, 42, 44, 46, 48, 50, 52, 54, 56, 58, 60, 62, 64, 66, 68, 70, 72, 74, 76, 78, 80
K2 smid = 1, 3, 5, 7, 9, 11, 13, 15, 17, 19, 21, 23, 25, 27, 29, 31, 33, 35, 37, 39, 41, 43, 45, 47, 49, 51, 53, 55, 57, 59, 61, 63, 65, 67, 69, 71, 73, 75, 77, 79, 81
K3 smid = 1
================================================================================
Generating '/tmp/nsys-report-f43e.qdstrm'
[1/1] [0%                          ] test8.nsys-rep[1/1] [0%                          ] test8.nsys-rep[1/1] [===========53%              ] test8.nsys-rep[1/1] [==============61%           ] test8.nsys-rep[1/1] [================69%         ] test8.nsys-rep[1/1] [================71%         ] test8.nsys-rep[1/1] [========================100%] test8.nsys-rep[1/1] [========================100%] test8.nsys-rep
Generated:
    /root/block-scheduling/test8/test8.nsys-rep
make[1]: Leaving directory '/root/block-scheduling/test8'
mkdir -p result
mv test8/test8.nsys-rep result/test8_RTX3090.nsys-rep
make clean -C test9
make[1]: Entering directory '/root/block-scheduling/test9'
rm -f test9 *.nsys-rep
make[1]: Leaving directory '/root/block-scheduling/test9'
make -C test9 GPGPU=RTX3090
make[1]: Entering directory '/root/block-scheduling/test9'
nvcc test9.cu -o test9 -arch=compute_86 -code=sm_86 --ptxas-options=-v -L../kernels -lkernels_86 -I../include -DRTX3090
make[1]: Leaving directory '/root/block-scheduling/test9'
make profile -C test9
make[1]: Entering directory '/root/block-scheduling/test9'
nsys profile -t cuda --stats false -f true -w true -o test9 ./test9
================================================================================
Test9 ==========================================================================
K1 = K(328, 320, 41, 0 Bytes), all blocks 1s, stream1
K2 = K(328, 352, 41, 0 Bytes), all blocks 1s, stream2
================================================================================
Generating '/tmp/nsys-report-28e4.qdstrm'
[1/1] [0%                          ] test9.nsys-rep[1/1] [0%                          ] test9.nsys-rep[1/1] [10%                         ] test9.nsys-rep[1/1] [==20%                       ] test9.nsys-rep[1/1] [===============66%          ] test9.nsys-rep[1/1] [================68%         ] test9.nsys-rep[1/1] [================69%         ] test9.nsys-rep[1/1] [========================100%] test9.nsys-rep[1/1] [========================100%] test9.nsys-rep
Generated:
    /root/block-scheduling/test9/test9.nsys-rep
make[1]: Leaving directory '/root/block-scheduling/test9'
mkdir -p result
mv test9/test9.nsys-rep result/test9_RTX3090.nsys-rep
make clean -C test10
make[1]: Entering directory '/root/block-scheduling/test10'
rm -f test10 *.nsys-rep
make[1]: Leaving directory '/root/block-scheduling/test10'
make -C test10 GPGPU=RTX3090
make[1]: Entering directory '/root/block-scheduling/test10'
nvcc test10.cu -o test10 -arch=compute_86 -code=sm_86 --ptxas-options=-v -L../kernels -lkernels_86 -I../include -DRTX3090
make[1]: Leaving directory '/root/block-scheduling/test10'
make profile -C test10
make[1]: Entering directory '/root/block-scheduling/test10'
nsys profile -t cuda --stats false -f true -w true -o test10 ./test10
================================================================================
Test10 ==========================================================================
K1 = K(82, 128, 64, 0 Bytes), all blocks 1s, stream1
K2 = K(82, 128, 64, 0 Bytes), all blocks 1s, stream2
K3 = K(82, 128, 64, 0 Bytes), all blocks 1s, stream3
K4 = K(82, 128, 64, 0 Bytes), all blocks 1s, stream4
K5 = K(82, 128, 64, 0 Bytes), all blocks 1s, stream5
K6 = K(82, 128, 64, 0 Bytes), all blocks 1s, stream6
K7 = K(82, 128, 64, 0 Bytes), all blocks 1s, stream7
K8 = K(82, 128, 64, 0 Bytes), all blocks 1s, stream8
K9 = K(82, 128, 255, 0 Bytes), all blocks 1s, stream9
================================================================================
Generating '/tmp/nsys-report-0b96.qdstrm'
[1/1] [0%                          ] test10.nsys-rep[1/1] [0%                          ] test10.nsys-rep[1/1] [9%                          ] test10.nsys-rep[1/1] [==================75%       ] test10.nsys-rep[1/1] [==================76%       ] test10.nsys-rep[1/1] [==================77%       ] test10.nsys-rep[1/1] [========================100%] test10.nsys-rep[1/1] [========================100%] test10.nsys-rep
Generated:
    /root/block-scheduling/test10/test10.nsys-rep
make[1]: Leaving directory '/root/block-scheduling/test10'
mkdir -p result
mv test10/test10.nsys-rep result/test10_RTX3090.nsys-rep
make clean -C test11
make[1]: Entering directory '/root/block-scheduling/test11'
rm -f test11 *.nsys-rep
make[1]: Leaving directory '/root/block-scheduling/test11'
make -C test11 GPGPU=RTX3090
make[1]: Entering directory '/root/block-scheduling/test11'
nvcc test11.cu -o test11 -arch=compute_86 -code=sm_86 --ptxas-options=-v -L../kernels -lkernels_86 -I../include -DRTX3090
make[1]: Leaving directory '/root/block-scheduling/test11'
make profile -C test11
make[1]: Entering directory '/root/block-scheduling/test11'
nsys profile -t cuda --stats false -f true -w true -o test11 ./test11
================================================================================
Test11 ==========================================================================
K1 = K(1, 1, 32, 0 Bytes), all blocks 1s, stream1
K2 = K(1, 1, 24, 0 Bytes), all blocks 1s, stream2
================================================================================
Generating '/tmp/nsys-report-072b.qdstrm'
[1/1] [0%                          ] test11.nsys-rep[1/1] [0%                          ] test11.nsys-rep[1/1] [9%                          ] test11.nsys-rep[1/1] [==19%                       ] test11.nsys-rep[1/1] [===============66%          ] test11.nsys-rep[1/1] [================68%         ] test11.nsys-rep[1/1] [================69%         ] test11.nsys-rep[1/1] [========================100%] test11.nsys-rep[1/1] [========================100%] test11.nsys-rep
Generated:
    /root/block-scheduling/test11/test11.nsys-rep
make[1]: Leaving directory '/root/block-scheduling/test11'
mkdir -p result
mv test11/test11.nsys-rep result/test11_RTX3090.nsys-rep
make clean -C test12
make[1]: Entering directory '/root/block-scheduling/test12'
rm -f test12 *.nsys-rep
make[1]: Leaving directory '/root/block-scheduling/test12'
make -C test12 GPGPU=RTX3090
make[1]: Entering directory '/root/block-scheduling/test12'
nvcc test12.cu -o test12 -arch=compute_86 -code=sm_86 --ptxas-options=-v -L../kernels -lkernels_86 -I../include -DRTX3090
make[1]: Leaving directory '/root/block-scheduling/test12'
make profile -C test12
make[1]: Entering directory '/root/block-scheduling/test12'
nsys profile -t cuda --stats false -f true -w true -o test12 ./test12
================================================================================
Test12 ==========================================================================
K1 = K(82, 128, 32, 0 Bytes), all blocks 1s, stream1
K2 = K(82, 160, 128, 0 Bytes), all blocks 1s, stream2
K3 = K(82, 128, 64, 0 Bytes), all blocks 1s, stream3
K4 = K(82, 128, 224, 0 Bytes), all blocks 1s, stream4
================================================================================
Generating '/tmp/nsys-report-8bbe.qdstrm'
[1/1] [0%                          ] test12.nsys-rep[1/1] [0%                          ] test12.nsys-rep[1/1] [7%                          ] test12.nsys-rep[1/1] [14%                         ] test12.nsys-rep[1/1] [================70%         ] test12.nsys-rep[1/1] [================71%         ] test12.nsys-rep[1/1] [=================72%        ] test12.nsys-rep[1/1] [========================100%] test12.nsys-rep[1/1] [========================100%] test12.nsys-rep
Generated:
    /root/block-scheduling/test12/test12.nsys-rep
make[1]: Leaving directory '/root/block-scheduling/test12'
mkdir -p result
mv test12/test12.nsys-rep result/test12_RTX3090.nsys-rep
make clean -C test13
make[1]: Entering directory '/root/block-scheduling/test13'
rm -f test13 *.nsys-rep
make[1]: Leaving directory '/root/block-scheduling/test13'
make -C test13 GPGPU=RTX3090
make[1]: Entering directory '/root/block-scheduling/test13'
nvcc test13.cu -o test13 -arch=compute_86 -code=sm_86 --ptxas-options=-v -L../kernels -lkernels_86 -I../include -DRTX3090
make[1]: Leaving directory '/root/block-scheduling/test13'
make profile -C test13
make[1]: Entering directory '/root/block-scheduling/test13'
nsys profile -t cuda --stats false -f true -w true -o test13 ./test13
================================================================================
Test13 ==========================================================================
K1 = K(41, 1, 32, 0 Bytes), all blocks 1s, stream1
K2 = K(41, 1, 32, 1024 Bytes), all blocks 1s, stream2
================================================================================
Generating '/tmp/nsys-report-2c7f.qdstrm'
[1/1] [0%                          ] test13.nsys-rep[1/1] [0%                          ] test13.nsys-rep[1/1] [10%                         ] test13.nsys-rep[1/1] [==20%                       ] test13.nsys-rep[1/1] [===============66%          ] test13.nsys-rep[1/1] [================68%         ] test13.nsys-rep[1/1] [================69%         ] test13.nsys-rep[1/1] [========================100%] test13.nsys-rep[1/1] [========================100%] test13.nsys-rep
Generated:
    /root/block-scheduling/test13/test13.nsys-rep
make[1]: Leaving directory '/root/block-scheduling/test13'
mkdir -p result
mv test13/test13.nsys-rep result/test13_RTX3090.nsys-rep
make clean -C test14
make[1]: Entering directory '/root/block-scheduling/test14'
rm -f test14 *.nsys-rep
make[1]: Leaving directory '/root/block-scheduling/test14'
make -C test14 GPGPU=RTX3090
make[1]: Entering directory '/root/block-scheduling/test14'
nvcc test14.cu -o test14 -arch=compute_86 -code=sm_86 --ptxas-options=-v -L../kernels -lkernels_86 -I../include -DRTX3090
make[1]: Leaving directory '/root/block-scheduling/test14'
make profile -C test14
make[1]: Entering directory '/root/block-scheduling/test14'
nsys profile -t cuda --stats false -f true -w true -o test14 ./test14
================================================================================
Test14 =========================================================================
K1 = K(82, 32, 32, 11264 Bytes), all blocks 1s, stream1
K2 = K(82, 32, 32, 11264 Bytes), all blocks 1s, stream2
K3 = K(82, 32, 32, 11264 Bytes), all blocks 1s, stream3
K4 = K(82, 32, 32, 11264 Bytes), all blocks 1s, stream4
K5 = K(82, 32, 32, 11264 Bytes), all blocks 1s, stream5
K6 = K(82, 32, 32, 11264 Bytes), all blocks 1s, stream6
K7 = K(82, 32, 32, 11264 Bytes), all blocks 1s, stream7
K8 = K(82, 32, 32, 11264 Bytes), all blocks 1s, stream8
K9 = K(82, 32, 32, 50176 Bytes), all blocks 1s, stream9
================================================================================
Generating '/tmp/nsys-report-dd0f.qdstrm'
[1/1] [0%                          ] test14.nsys-rep[1/1] [0%                          ] test14.nsys-rep[1/1] [9%                          ] test14.nsys-rep[1/1] [==================76%       ] test14.nsys-rep[1/1] [==================77%       ] test14.nsys-rep[1/1] [========================100%] test14.nsys-rep[1/1] [========================100%] test14.nsys-rep
Generated:
    /root/block-scheduling/test14/test14.nsys-rep
make[1]: Leaving directory '/root/block-scheduling/test14'
mkdir -p result
mv test14/test14.nsys-rep result/test14_RTX3090.nsys-rep
